{
  "RSpec": {
    "coverage": {
      "/Users/daniel/Desktop/Makers/Week-11/appcapella/spec/features/index_spec.rb": [
        1,
        1,
        4,
        4,
        4,
        4,
        null,
        null,
        null,
        null,
        null,
        null,
        null,
        null,
        null,
        null,
        null,
        null,
        null,
        null,
        null,
        null,
        null,
        null,
        null,
        1,
        5,
        null,
        1,
        4,
        4,
        4,
        4,
        4,
        4,
        4,
        null,
        null,
        4,
        4,
        null,
        4,
        4,
        4,
        4,
        4,
        4,
        null,
        null,
        null,
        null,
        null,
        1,
        1,
        1,
        1,
        1,
        1,
        1,
        null,
        1,
        null,
        null,
        1,
        1,
        1,
        1,
        null,
        1,
        null,
        null
      ],
      "/Users/daniel/Desktop/Makers/Week-11/appcapella/spec/features/view_mix_spec.rb": [
        1,
        1,
        1,
        1,
        4,
        4,
        4,
        4,
        4,
        null,
        1,
        1,
        1,
        1,
        1,
        1,
        null,
        null
      ]
    },
    "timestamp": 1528279343
  }
}
