{
  "RSpec": {
    "coverage": {
      "/Users/lorrainephillips/Projects/appcapella/spec/features/facebook_share_spec.rb": [
        1,
        null,
        0,
        0,
        0,
        0,
        null,
        null,
        0,
        0,
        null,
        null
      ],
      "/Users/lorrainephillips/Projects/appcapella/spec/features/index_spec.rb": [
        1,
        1,
        4,
        0,
        0,
        0,
        null,
        null,
        null,
        null,
        null,
        null,
        null,
        null,
        null,
        null,
        null,
        null,
        null,
        null,
        null,
        null,
        null,
        null,
        null,
        1,
        1,
        null,
        1,
        4,
        4,
        0,
        0,
        0,
        0,
        0,
        null,
        null,
        4,
        0,
        0,
        0,
        0,
        0,
        0,
        0,
        null,
        null,
        4,
        0,
        0,
        0,
        0,
        0,
        0,
        0,
        0,
        0,
        null,
        4,
        0,
        0,
        0,
        0,
        0,
        0,
        0,
        0,
        0,
        null,
        null,
        null,
        null,
        null,
        1,
        1,
        0,
        0,
        0,
        0,
        0,
        0,
        0,
        0,
        0,
        0,
        null,
        0,
        null,
        null
      ],
      "/Users/lorrainephillips/Projects/appcapella/spec/features/view_mix_spec.rb": [
        1,
        1,
        0,
        0,
        0,
        0,
        0,
        0,
        0,
        null,
        0,
        0,
        0,
        0,
        0,
        0,
        null,
        null,
        null,
        null,
        1,
        null,
        1,
        null,
        1,
        0,
        0,
        0,
        0,
        null,
        0,
        0,
        0,
        0,
        0,
        null,
        null
      ]
    },
    "timestamp": 1528376697
  }
}
